2014-11-19 12:01:49 INFO  Runner:29 - Start
2014-11-19 12:01:49 DEBUG Runner:30 - Start
2014-11-19 12:01:52 INFO  Runner:51 - [Rest{price=192, duration=17, meal=PENSION, transportType='car', country='Turkey', destinations=[Kemer, Ankara]distanceToSettlement=196}, Shopping{price=52, duration=21, meal=WITHOUT_MEAL, transportType='car', country='Italy', destinations=[Milan, Paris]shopBrandList=[Louis Vuitton, Basconi]}]
2014-11-19 12:02:23 INFO  Runner:55 - Tours sorted 
2014-11-19 12:02:23 INFO  Runner:57 - 
Tours = [Rest{price=192, duration=17, meal=PENSION, transportType='car', country='Turkey', destinations=[Kemer, Ankara]distanceToSettlement=196}, Shopping{price=52, duration=21, meal=WITHOUT_MEAL, transportType='car', country='Italy', destinations=[Milan, Paris]shopBrandList=[Louis Vuitton, Basconi]}]
2014-11-19 12:03:22 INFO  Runner:29 - Start
2014-11-19 12:03:22 DEBUG Runner:30 - Start
2014-11-19 12:03:28 INFO  Runner:51 - [Shopping{price=266, duration=2, meal=BREAKFAST, transportType='car', country='Italy', destinations=[Milan, Paris]shopBrandList=[Louis Vuitton, Basconi]}, Shopping{price=270, duration=13, meal=PENSION, transportType='car', country='Italy', destinations=[Milan, Paris]shopBrandList=[Louis Vuitton, Basconi]}]
2014-11-19 12:04:29 INFO  Runner:29 - Start
2014-11-19 12:04:29 DEBUG Runner:30 - Start
2014-11-19 12:04:38 INFO  Runner:29 - Start
2014-11-19 12:04:38 DEBUG Runner:30 - Start
2014-11-19 12:04:41 INFO  Runner:51 - [Excursion{price=608, duration=22, meal=BREAKFAST, transportType='car', country='Egypt', destinations=[Cairo, Alexandria], unpaidSightsOfExcursion=[Citadel and Mosque of Ali Pasha, Coptic Cairo], paidSightsOfExcursion =[The Egyptian Museum, Pyramids of Giza]}, Excursion{price=271, duration=49, meal=ALL_INCLUSIVE, transportType='car', country='Egypt', destinations=[Cairo, Alexandria], unpaidSightsOfExcursion=[Citadel and Mosque of Ali Pasha, Coptic Cairo], paidSightsOfExcursion =[The Egyptian Museum, Pyramids of Giza]}]
2014-11-19 12:05:32 INFO  Runner:29 - Start
2014-11-19 12:05:32 DEBUG Runner:30 - Start
2014-11-19 12:05:46 INFO  Runner:29 - Start
2014-11-19 12:05:46 DEBUG Runner:30 - Start
2014-11-19 12:05:49 INFO  Runner:51 - [Treatment{price=329, duration=8, meal=HALF_PENSION, transportType='bus', country='South Korea', destinations=[Busan, Seoul]clinicName='Mayo Clinic', specializationOfClinic=[РЎardiology, Dermatology], procedures=[Consultation, Cardiogram], priceList=[]}, Shopping{price=455, duration=33, meal=ALL_INCLUSIVE, transportType='car', country='Italy', destinations=[Milan, Paris]shopBrandList=[Louis Vuitton, Basconi]}]
2014-11-19 12:08:51 INFO  Runner:28 - Start
2014-11-19 12:08:51 DEBUG Runner:29 - Start
2014-11-19 12:08:59 INFO  Runner:47 - Company has been created
2014-11-19 12:08:59 DEBUG Runner:48 - Company has been created
2014-11-19 12:09:00 INFO  Runner:52 - 
Tours = [Treatment{price=573, duration=34, meal=WITHOUT_MEAL, transportType='bus', country='South Korea', destinations=[Busan, Seoul]clinicName='Mayo Clinic', specializationOfClinic=[РЎardiology, Dermatology], procedures=[Consultation, Cardiogram], priceList=[]}, Treatment{price=50, duration=40, meal=HALF_PENSION, transportType='bus', country='South Korea', destinations=[Busan, Seoul]clinicName='Mayo Clinic', specializationOfClinic=[РЎardiology, Dermatology], procedures=[Consultation, Cardiogram], priceList=[]}]
2014-11-19 12:09:20 INFO  Runner:28 - Start
2014-11-19 12:09:20 DEBUG Runner:29 - Start
2014-11-19 12:09:45 INFO  Runner:28 - Start
2014-11-19 12:09:45 DEBUG Runner:29 - Start
2014-11-19 12:09:50 INFO  Runner:50 - 
Tours = [Shopping{price=588, duration=27, meal=ALL_INCLUSIVE, transportType='car', country='Italy', destinations=[Milan, Paris]shopBrandList=[Louis Vuitton, Basconi]}, Treatment{price=116, duration=20, meal=PENSION, transportType='bus', country='South Korea', destinations=[Busan, Seoul]clinicName='Mayo Clinic', specializationOfClinic=[РЎardiology, Dermatology], procedures=[Consultation, Cardiogram], priceList=[]}]
2014-11-19 12:10:06 INFO  Runner:28 - Start
2014-11-19 12:10:06 DEBUG Runner:29 - Start
2014-11-19 12:10:11 INFO  Runner:50 - 
Tours = [Treatment{price=280, duration=6, meal=BREAKFAST, transportType='bus', country='South Korea', destinations=[Busan, Seoul]clinicName='Mayo Clinic', specializationOfClinic=[РЎardiology, Dermatology], procedures=[Consultation, Cardiogram], priceList=[]}, Shopping{price=555, duration=35, meal=ALL_INCLUSIVE, transportType='car', country='Italy', destinations=[Milan, Paris]shopBrandList=[Louis Vuitton, Basconi]}]
2014-11-19 12:10:40 INFO  Runner:28 - Start
2014-11-19 12:10:40 DEBUG Runner:29 - Start
2014-11-19 12:10:43 INFO  Runner:47 - Company has been created
2014-11-19 12:10:43 DEBUG Runner:48 - Company has been created
2014-11-19 12:10:59 INFO  Runner:28 - Start
2014-11-19 12:10:59 DEBUG Runner:29 - Start
2014-11-19 12:11:59 INFO  Runner:28 - Start
2014-11-19 12:11:59 DEBUG Runner:29 - Start
2014-11-19 12:12:01 INFO  Runner:47 - Company has been created
2014-11-19 12:12:04 INFO  Runner:51 - 
Tours = [Rest{price=673, duration=16, meal=BREAKFAST, transportType='car', country='Turkey', destinations=[Kemer, Ankara]distanceToSettlement=451}, Rest{price=25, duration=38, meal=ALL_INCLUSIVE, transportType='car', country='Turkey', destinations=[Kemer, Ankara]distanceToSettlement=223}]
2014-11-19 12:12:17 INFO  Runner:71 - Found tours by type of the transport,meal and tour: 
2014-11-19 12:12:17 INFO  Runner:72 - []
2014-11-19 12:12:24 INFO  Runner:78 - Tours have been found by type of the transport: 
2014-11-19 12:12:24 INFO  Runner:79 - [Rest{price=673, duration=16, meal=BREAKFAST, transportType='car', country='Turkey', destinations=[Kemer, Ankara]distanceToSettlement=451}, Rest{price=25, duration=38, meal=ALL_INCLUSIVE, transportType='car', country='Turkey', destinations=[Kemer, Ankara]distanceToSettlement=223}]
2014-11-19 12:12:34 INFO  Runner:95 - Tours have been found by type of meal
2014-11-19 12:12:34 INFO  Runner:96 - []
2014-11-19 12:22:38 INFO  Runner:28 - Start
2014-11-19 12:22:38 DEBUG Runner:29 - Start
2014-11-19 12:22:42 INFO  Runner:47 - Company has been created
2014-11-19 12:22:43 INFO  Runner:51 - 
Tours = [Treatment{price=380, duration=43, meal=WITHOUT_MEAL, transportType='bus', country='South Korea', destinations=[Busan, Seoul]clinicName='Mayo Clinic', specializationOfClinic=[РЎardiology, Dermatology], procedures=[Consultation, Cardiogram], priceList=[]}, Excursion{price=234, duration=45, meal=WITHOUT_MEAL, transportType='car', country='Egypt', destinations=[Cairo, Alexandria], unpaidSightsOfExcursion=[Citadel and Mosque of Ali Pasha, Coptic Cairo], paidSightsOfExcursion =[The Egyptian Museum, Pyramids of Giza]}, Excursion{price=604, duration=6, meal=BREAKFAST, transportType='car', country='Egypt', destinations=[Cairo, Alexandria], unpaidSightsOfExcursion=[Citadel and Mosque of Ali Pasha, Coptic Cairo], paidSightsOfExcursion =[The Egyptian Museum, Pyramids of Giza]}]
2014-11-19 12:23:05 INFO  Runner:28 - Start
2014-11-19 12:23:05 DEBUG Runner:29 - Start
2014-11-19 12:23:08 INFO  Runner:47 - Company has been created
2014-11-19 12:23:09 INFO  Runner:51 - 
Tours = [Shopping{pssrice=345, duration=21, meal=BREAKFAST, transportType='car', country='Italy', destinations=[Milan, Paris]shopBrandList=[Louis Vuitton, Basconi]}, Treatment{ssprice=186, duration=2, meal=ALL_INCLUSIVE, transportType='bus', country='South Korea', destinations=[Busan, Seoul]clinicName='Mayo Clinic', specializationOfClinic=[РЎardiology, Dermatology], procedures=[Consultation, Cardiogram], priceList=[]}]
2014-11-19 12:24:34 INFO  Runner:28 - Start
2014-11-19 12:24:34 DEBUG Runner:29 - Start
2014-11-19 12:24:35 INFO  Runner:47 - Company has been created
2014-11-19 12:24:36 INFO  Runner:51 - 
Tours = [Excursion{price=346, duration=33, meal=BREAKFAST, transportType='car', country='Egypt', destinations=[Cairo, Alexandria], unpaidSightsOfExcursion=[Citadel and Mosque of Ali Pasha, Coptic Cairo], paidSightsOfExcursion =[The Egyptian Museum, Pyramids of Giza]}, Treatment{ssprice=461, duration=34, meal=BREAKFAST, transportType='bus', country='South Korea', destinations=[Busan, Seoul]clinicName='Mayo Clinic', specializationOfClinic=[РЎardiology, Dermatology], procedures=[Consultation, Cardiogram], priceList=[]}, Rest{price=338, duration=12, meal=PENSION, transportType='car', country='Turkey', destinations=[Kemer, Ankara]distanceToSettlement=125}, Shopping{price=208, duration=0, meal=HALF_PENSION, transportType='car', country='Italy', destinations=[Milan, Paris]shopBrandList=[Louis Vuitton, Basconi]}, Rest{price=156, duration=9, meal=HALF_PENSION, transportType='car', country='Turkey', destinations=[Kemer, Ankara]distanceToSettlement=285}]
2014-11-19 12:24:53 INFO  Runner:28 - Start
2014-11-19 12:24:53 DEBUG Runner:29 - Start
2014-11-19 12:24:54 INFO  Runner:47 - Company has been created
2014-11-19 12:24:56 INFO  Runner:51 - 
Tours = [Shopping{price=483, duration=35, meal=ALL_INCLUSIVE, transportType='car', country='Italy', destinations=[Milan, Paris]shopBrandList=[Louis Vuitton, Basconi]}, Excursion{price=318, duration=38, meal=PENSION, transportType='car', country='Egypt', destinations=[Cairo, Alexandria], unpaidSightsOfExcursion=[Citadel and Mosque of Ali Pasha, Coptic Cairo], paidSightsOfExcursion =[The Egyptian Museum, Pyramids of Giza]}, Rest{price=213, duration=24, meal=PENSION, transportType='car', country='Turkey', destinations=[Kemer, Ankara]distanceToSettlement=426}, Treatment{ssprice=158, duration=44, meal=ALL_INCLUSIVE, transportType='bus', country='South Korea', destinations=[Busan, Seoul]clinicName='Mayo Clinic', specializationOfClinic=[РЎardiology, Dermatology], procedures=[Consultation, Cardiogram], priceList=[]}, Excursion{price=568, duration=3, meal=ALL_INCLUSIVE, transportType='car', country='Egypt', destinations=[Cairo, Alexandria], unpaidSightsOfExcursion=[Citadel and Mosque of Ali Pasha, Coptic Cairo], paidSightsOfExcursion =[The Egyptian Museum, Pyramids of Giza]}, Excursion{price=102, duration=15, meal=ALL_INCLUSIVE, transportType='car', country='Egypt', destinations=[Cairo, Alexandria], unpaidSightsOfExcursion=[Citadel and Mosque of Ali Pasha, Coptic Cairo], paidSightsOfExcursion =[The Egyptian Museum, Pyramids of Giza]}, Shopping{price=685, duration=18, meal=ALL_INCLUSIVE, transportType='car', country='Italy', destinations=[Milan, Paris]shopBrandList=[Louis Vuitton, Basconi]}, Shopping{price=133, duration=39, meal=PENSION, transportType='car', country='Italy', destinations=[Milan, Paris]shopBrandList=[Louis Vuitton, Basconi]}, Shopping{price=530, duration=37, meal=BREAKFAST, transportType='car', country='Italy', destinations=[Milan, Paris]shopBrandList=[Louis Vuitton, Basconi]}, Shopping{price=574, duration=17, meal=HALF_PENSION, transportType='car', country='Italy', destinations=[Milan, Paris]shopBrandList=[Louis Vuitton, Basconi]}]
2014-11-19 12:25:26 INFO  Runner:28 - Start
2014-11-19 12:25:26 DEBUG Runner:29 - Start
2014-11-19 12:25:27 INFO  Runner:47 - Company has been created
2014-11-19 12:25:28 INFO  Runner:51 - 
Tours = [Tour{price=119, numberOfDays=42, meal=PENSION, transportType='car', country='Egypt', destination=[Cairo, Alexandria], hotel=com.epam.first_task.entity.Hotel@37bba400}, unpaidSightsOfExcursion=[Citadel and Mosque of Ali Pasha, Coptic Cairo], paidSightsOfExcursion =[The Egyptian Museum, Pyramids of Giza]}, Tour{price=517, numberOfDays=44, meal=WITHOUT_MEAL, transportType='car', country='Egypt', destination=[Cairo, Alexandria], hotel=com.epam.first_task.entity.Hotel@179d3b25}, unpaidSightsOfExcursion=[Citadel and Mosque of Ali Pasha, Coptic Cairo], paidSightsOfExcursion =[The Egyptian Museum, Pyramids of Giza]}]
2014-11-19 12:28:50 INFO  Runner:28 - Start
2014-11-19 12:28:50 DEBUG Runner:29 - Start
2014-11-19 12:28:53 INFO  Runner:47 - Company has been created
2014-11-19 12:28:54 INFO  Runner:51 - 
Tours = [Shopping: price=189, numberOfDays=49, meal=HALF_PENSION, transportType='car', country='Italy', destination=[Milan, Paris], hotel=com.epam.first_task.entity.Hotel@37bba400}shopBrandList=[Louis Vuitton, Basconi]}, Shopping: price=674, numberOfDays=34, meal=WITHOUT_MEAL, transportType='car', country='Italy', destination=[Milan, Paris], hotel=com.epam.first_task.entity.Hotel@179d3b25}shopBrandList=[Louis Vuitton, Basconi]}]
2014-11-19 12:29:12 INFO  Runner:71 - Found tours by type of the transport,meal and tour: 
2014-11-19 12:29:12 INFO  Runner:72 - []
2014-11-19 12:29:14 INFO  Runner:78 - Tours have been found by type of the transport: 
2014-11-19 12:29:14 INFO  Runner:79 - []
2014-11-19 12:29:35 INFO  Runner:28 - Start
2014-11-19 12:29:35 DEBUG Runner:29 - Start
2014-11-19 12:29:42 INFO  Runner:28 - Start
2014-11-19 12:29:42 DEBUG Runner:29 - Start
2014-11-19 12:29:45 INFO  Runner:47 - Company has been created
2014-11-19 12:29:46 INFO  Runner:51 - 
Tours = [Shopping: price=444, numberOfDays=0, meal=ALL_INCLUSIVE, transportType='car', country='Italy', destination=[Milan, Paris], hotel=com.epam.first_task.entity.Hotel@37bba400}shopBrandList=[Louis Vuitton, Basconi]}, Shopping: price=632, numberOfDays=29, meal=WITHOUT_MEAL, transportType='car', country='Italy', destination=[Milan, Paris], hotel=com.epam.first_task.entity.Hotel@179d3b25}shopBrandList=[Louis Vuitton, Basconi]}, Shopping: price=620, numberOfDays=1, meal=BREAKFAST, transportType='car', country='Italy', destination=[Milan, Paris], hotel=com.epam.first_task.entity.Hotel@254989ff}shopBrandList=[Louis Vuitton, Basconi]}]
2014-11-19 12:30:07 INFO  Runner:78 - Tours have been found by type of the transport: 
2014-11-19 12:30:07 INFO  Runner:79 - [Shopping: price=444, numberOfDays=0, meal=ALL_INCLUSIVE, transportType='car', country='Italy', destination=[Milan, Paris], hotel=com.epam.first_task.entity.Hotel@37bba400}shopBrandList=[Louis Vuitton, Basconi]}, Shopping: price=632, numberOfDays=29, meal=WITHOUT_MEAL, transportType='car', country='Italy', destination=[Milan, Paris], hotel=com.epam.first_task.entity.Hotel@179d3b25}shopBrandList=[Louis Vuitton, Basconi]}, Shopping: price=620, numberOfDays=1, meal=BREAKFAST, transportType='car', country='Italy', destination=[Milan, Paris], hotel=com.epam.first_task.entity.Hotel@254989ff}shopBrandList=[Louis Vuitton, Basconi]}]
